Traceback (most recent call last):
  File "/usr/local/bin/vacancy_bot/main.py", line 9, in <module>
    from handlers import survey
  File "/usr/local/bin/vacancy_bot/handlers/survey.py", line 31, in <module>
    client = pymongo.MongoClient(uri)
  File "/usr/local/lib/python3.10/dist-packages/pymongo/mongo_client.py", line 774, in __init__
    res = uri_parser.parse_uri(
  File "/usr/local/lib/python3.10/dist-packages/pymongo/uri_parser.py", line 568, in parse_uri
    nodes = split_hosts(hosts, default_port=default_port)
  File "/usr/local/lib/python3.10/dist-packages/pymongo/uri_parser.py", line 381, in split_hosts
    nodes.append(parse_host(entity, port))
  File "/usr/local/lib/python3.10/dist-packages/pymongo/uri_parser.py", line 147, in parse_host
    raise ValueError(f"Port must be an integer between 0 and 65535: {port!r}")
ValueError: Port must be an integer between 0 and 65535: 'None'
INFO:aiogram.dispatcher:Start polling
INFO:aiogram.dispatcher:Run polling for bot @PostAnalystJob_bot id=7272665628 - 'PostAnalystJob_bot'
INFO:aiogram.event:Update id=157153603 is handled. Duration 323 ms by bot id=7272665628
VacancySurvey:vacancy_name
None
INFO:aiogram.event:Update id=157153604 is handled. Duration 99 ms by bot id=7272665628
VacancySurvey:vacancy_name
None
INFO:aiogram.event:Update id=157153605 is handled. Duration 190 ms by bot id=7272665628
INFO:aiogram.event:Update id=157153606 is handled. Duration 400 ms by bot id=7272665628
